<?xml version="1.0" encoding="UTF-8"?>
<testng-results skipped="0" failed="0" total="3" passed="3">
  <reporter-output>
  </reporter-output>
  <suite name="softwaretestingmaterial" duration-ms="13744" started-at="2019-11-06T05:29:02Z" finished-at="2019-11-06T05:29:16Z">
    <groups>
    </groups>
    <test name="testngTest" duration-ms="13744" started-at="2019-11-06T05:29:02Z" finished-at="2019-11-06T05:29:16Z">
      <class name="Test.Utility">
        <test-method status="PASS" signature="main()[pri:0, instance:Test.Utility@59a6e353]" name="main" duration-ms="5650" started-at="2019-11-06T10:59:02Z" finished-at="2019-11-06T10:59:08Z">
          <reporter-output>
          </reporter-output>
        </test-method> <!-- main -->
        <test-method status="PASS" signature="main2()[pri:0, instance:Test.Utility@59a6e353]" name="main2" duration-ms="4267" started-at="2019-11-06T10:59:08Z" finished-at="2019-11-06T10:59:12Z">
          <reporter-output>
          </reporter-output>
        </test-method> <!-- main2 -->
        <test-method status="PASS" signature="main3()[pri:0, instance:Test.Utility@59a6e353]" name="main3" duration-ms="3812" started-at="2019-11-06T10:59:12Z" finished-at="2019-11-06T10:59:16Z">
          <reporter-output>
          </reporter-output>
        </test-method> <!-- main3 -->
      </class> <!-- Test.Utility -->
    </test> <!-- testngTest -->
  </suite> <!-- softwaretestingmaterial -->
</testng-results>
