<?xml version="1.0" encoding="UTF-8"?>
<testng-results skipped="0" failed="0" total="3" passed="3">
  <reporter-output>
  </reporter-output>
  <suite name="softwaretestingmaterial" duration-ms="19712" started-at="2019-11-06T04:25:10Z" finished-at="2019-11-06T04:25:30Z">
    <groups>
    </groups>
    <test name="testngTest" duration-ms="19712" started-at="2019-11-06T04:25:10Z" finished-at="2019-11-06T04:25:30Z">
      <class name="Test.Utility">
        <test-method status="PASS" signature="main()[pri:0, instance:Test.Utility@59a6e353]" name="main" duration-ms="7017" started-at="2019-11-06T09:55:10Z" finished-at="2019-11-06T09:55:17Z">
          <reporter-output>
          </reporter-output>
        </test-method> <!-- main -->
        <test-method status="PASS" signature="main2()[pri:0, instance:Test.Utility@59a6e353]" name="main2" duration-ms="6023" started-at="2019-11-06T09:55:17Z" finished-at="2019-11-06T09:55:23Z">
          <reporter-output>
          </reporter-output>
        </test-method> <!-- main2 -->
        <test-method status="PASS" signature="main3()[pri:0, instance:Test.Utility@59a6e353]" name="main3" duration-ms="6653" started-at="2019-11-06T09:55:23Z" finished-at="2019-11-06T09:55:30Z">
          <reporter-output>
          </reporter-output>
        </test-method> <!-- main3 -->
      </class> <!-- Test.Utility -->
    </test> <!-- testngTest -->
  </suite> <!-- softwaretestingmaterial -->
</testng-results>
