<?xml version="1.0" encoding="UTF-8"?>
<testng-results skipped="0" failed="0" total="1" passed="1">
  <reporter-output>
  </reporter-output>
  <suite name="Default suite" duration-ms="6418" started-at="2019-08-06T06:07:03Z" finished-at="2019-08-06T06:07:09Z">
    <groups>
    </groups>
    <test name="Default test" duration-ms="6418" started-at="2019-08-06T06:07:03Z" finished-at="2019-08-06T06:07:09Z">
      <class name="Test.Utility">
        <test-method status="PASS" signature="main()[pri:0, instance:Test.Utility@721e0f4f]" name="main" duration-ms="6383" started-at="2019-08-06T11:37:03Z" finished-at="2019-08-06T11:37:09Z">
          <reporter-output>
          </reporter-output>
        </test-method> <!-- main -->
      </class> <!-- Test.Utility -->
    </test> <!-- Default test -->
  </suite> <!-- Default suite -->
</testng-results>
