<?xml version="1.0" encoding="UTF-8"?>
<testng-results skipped="0" failed="0" total="1" passed="1">
  <reporter-output>
  </reporter-output>
  <suite name="Default suite" duration-ms="15355" started-at="2019-08-07T09:01:02Z" finished-at="2019-08-07T09:01:17Z">
    <groups>
    </groups>
    <test name="Default test" duration-ms="15355" started-at="2019-08-07T09:01:02Z" finished-at="2019-08-07T09:01:17Z">
      <class name="Test.Utility">
        <test-method status="PASS" signature="main()[pri:0, instance:Test.Utility@721e0f4f]" name="main" duration-ms="15338" started-at="2019-08-07T14:31:02Z" description="Test case1" finished-at="2019-08-07T14:31:17Z">
          <reporter-output>
          </reporter-output>
        </test-method> <!-- main -->
      </class> <!-- Test.Utility -->
    </test> <!-- Default test -->
  </suite> <!-- Default suite -->
</testng-results>
